<?xml version="1.0" encoding="UTF-8"?>
<!-- Generated by org.testng.reporters.JUnitReportReporter -->
<testsuite hostname="DESKTOP-U83A2A2" failures="0" tests="7" name="TaskLists.test_after_search_first_page" time="107.658" errors="0" timestamp="15 Nov 2023 17:12:41 GMT" skipped="0">
  <testcase classname="TaskLists.test_after_search_first_page" name="totalSearchResultForFirstpage" time="10.586"/>
  <testcase classname="TaskLists.test_after_search_first_page" name="totalSearchResults_LowToHigh" time="10.609"/>
  <testcase classname="TaskLists.test_after_search_first_page" name="totalSearchResults_HighToLow" time="19.575"/>
  <testcase classname="TaskLists.test_after_search_first_page" name="totalSearchResults_BestMatch" time="15.181"/>
  <testcase classname="TaskLists.test_after_search_first_page" name="typesOfPromotionAndServices" time="10.764"/>
  <testcase classname="TaskLists.test_after_search_first_page" name="typesOfWarranty" time="29.968"/>
  <testcase classname="TaskLists.test_after_search_first_page" name="typesOfLocation" time="10.975"/>
</testsuite> <!-- TaskLists.test_after_search_first_page -->
