<?xml version="1.0" encoding="UTF-8"?>
<!-- Generated by org.testng.reporters.JUnitReportReporter -->
<testsuite hostname="DESKTOP-U83A2A2" failures="0" tests="5" name="TaskLists.home_page_test" time="50.904" errors="0" timestamp="15 Nov 2023 17:10:25 GMT" skipped="0">
  <testcase classname="TaskLists.home_page_test" name="testSearchBoxExists" time="5.038"/>
  <testcase classname="TaskLists.home_page_test" name="testAddToCartOptionExists" time="19.219"/>
  <testcase classname="TaskLists.home_page_test" name="testTotalCategoryTypes" time="12.991"/>
  <testcase classname="TaskLists.home_page_test" name="categoryNames" time="5.541"/>
  <testcase classname="TaskLists.home_page_test" name="testTotalPaymentMethods" time="8.115"/>
</testsuite> <!-- TaskLists.home_page_test -->
